<?xml version="1.0" encoding="UTF-8"?>
<!-- Generated by org.testng.reporters.JUnitReportReporter -->
<testsuite hostname="WKSP00075683" name="MAX.SeleniumHQ" tests="1" failures="0" timestamp="8 Feb 2017 10:01:38 GMT" time="1.572" errors="0">
  <testcase name="testEasy" time="1.572" classname="MAX.SeleniumHQ"/>
</testsuite> <!-- MAX.SeleniumHQ -->
