<?xml version="1.0" encoding="UTF-8"?>
<!-- Generated by org.testng.reporters.JUnitReportReporter -->
<testsuite hostname="DESKTOP-EA4GD3I" name="MAX.AppTest" tests="1" failures="0" timestamp="8 Feb 2017 18:32:10 GMT" time="0.083" errors="0">
  <testcase name="testApp" time="0.083" classname="MAX.AppTest"/>
</testsuite> <!-- MAX.AppTest -->
