<?xml version="1.0" encoding="UTF-8"?>
<!-- Generated by org.testng.reporters.JUnitReportReporter -->
<testsuite hostname="DESKTOP-EA4GD3I" name="MAX.SeleniumHQ" tests="1" failures="0" timestamp="8 Feb 2017 17:45:25 GMT" time="6.047" errors="0">
  <testcase name="testEasy" time="6.047" classname="MAX.SeleniumHQ"/>
</testsuite> <!-- MAX.SeleniumHQ -->
