<?xml version="1.0" encoding="UTF-8"?>
<!-- Generated by org.testng.reporters.JUnitReportReporter -->
<testsuite hostname="DESKTOP-EA4GD3I" name="MAX.SeleniumHQJUNIT" tests="1" failures="0" timestamp="8 Feb 2017 19:50:27 GMT" time="21.059" errors="0">
  <testcase name="valid_UserCredential" time="21.059" classname="MAX.SeleniumHQJUNIT"/>
</testsuite> <!-- MAX.SeleniumHQJUNIT -->
