<?xml version="1.0" encoding="UTF-8"?>
<!-- Generated by org.testng.reporters.JUnitReportReporter -->
<testsuite hostname="DESKTOP-EA4GD3I" name="MAX.SeleniumHQJUNIT" tests="1" failures="0" timestamp="8 Feb 2017 17:45:25 GMT" time="17.133" errors="0">
  <testcase name="valid_UserCredential" time="17.133" classname="MAX.SeleniumHQJUNIT"/>
</testsuite> <!-- MAX.SeleniumHQJUNIT -->
