<?xml version="1.0" encoding="UTF-8"?>
<!-- Generated by org.testng.reporters.JUnitReportReporter -->
<testsuite hostname="DESKTOP-EA4GD3I" name="MAX.SeleniumHQ" tests="1" failures="0" timestamp="8 Feb 2017 21:07:22 GMT" time="4.121" errors="0">
  <testcase name="testEasy" time="4.121" classname="MAX.SeleniumHQ"/>
</testsuite> <!-- MAX.SeleniumHQ -->
